2026-04-14T12:21:51.189+05:30  INFO 4648 --- [main] c.s.backend.BackendApplication           : Starting BackendApplication using Java 25.0.2 with PID 4648 (D:\My Projects\PAF-Assignment\backend\target\classes started by ASUS in D:\My Projects\PAF-Assignment)
2026-04-14T12:21:51.201+05:30  INFO 4648 --- [main] c.s.backend.BackendApplication           : No active profile set, falling back to 1 default profile: "default"
2026-04-14T12:21:52.394+05:30  INFO 4648 --- [main] .s.d.r.c.RepositoryConfigurationDelegate : Bootstrapping Spring Data MongoDB repositories in DEFAULT mode.
2026-04-14T12:21:52.502+05:30  INFO 4648 --- [main] .s.d.r.c.RepositoryConfigurationDelegate : Finished Spring Data repository scanning in 96 ms. Found 7 MongoDB repository interfaces.
2026-04-14T12:21:53.193+05:30  INFO 4648 --- [main] o.s.boot.tomcat.TomcatWebServer          : Tomcat initialized with port 8080 (http)
2026-04-14T12:21:53.213+05:30  INFO 4648 --- [main] o.apache.catalina.core.StandardService   : Starting service [Tomcat]
2026-04-14T12:21:53.214+05:30  INFO 4648 --- [main] o.apache.catalina.core.StandardEngine    : Starting Servlet engine: [Apache Tomcat/11.0.18]
2026-04-14T12:21:53.307+05:30  INFO 4648 --- [main] b.w.c.s.WebApplicationContextInitializer : Root WebApplicationContext: initialization completed in 2001 ms
2026-04-14T12:21:53.752+05:30  INFO 4648 --- [main] org.mongodb.driver.client                : MongoClient with metadata {"application": {"name": "SmartCampusPAF"}, "driver": {"name": "mongo-java-driver|spring-boot|sync", "version": "5.6.4"}, "os": {"type": "Windows", "name": "Windows 11", "architecture": "amd64", "version": "10.0"}, "platform": "Java/Oracle Corporation/25.0.2+10-LTS-69"} created with settings MongoClientSettings{readPreference=primary, writeConcern=WriteConcern{w=null, wTimeout=null ms, journal=null}, retryWrites=true, retryReads=true, readConcern=ReadConcern{level=null}, credential=MongoCredential{mechanism=null, userName='chamikashashipriya4_db_user', source='admin', password=<hidden>, mechanismProperties=<hidden>}, transportSettings=null, commandListeners=[], codecRegistry=ProvidersCodecRegistry{codecProviders=[ValueCodecProvider{}, BsonValueCodecProvider{}, DBRefCodecProvider{}, DBObjectCodecProvider{}, DocumentCodecProvider{}, CollectionCodecProvider{}, IterableCodecProvider{}, MapCodecProvider{}, GeoJsonCodecProvider{}, GridFSFileCodecProvider{}, Jsr310CodecProvider{}, JsonObjectCodecProvider{}, BsonCodecProvider{}, com.mongodb.client.model.mql.ExpressionCodecProvider@149274cb, com.mongodb.Jep395RecordCodecProvider@118acf70, com.mongodb.KotlinCodecProvider@72557746, EnumCodecProvider{}]}, loggerSettings=LoggerSettings{maxDocumentLength=1000}, clusterSettings={hosts=[127.0.0.1:27017], srvHost=smartcampuspaf.t6kbznv.mongodb.net, srvServiceName=mongodb, mode=MULTIPLE, requiredClusterType=REPLICA_SET, requiredReplicaSetName='atlas-1ck7g4-shard-0', serverSelector='null', clusterListeners='[]', serverSelectionTimeout='30000 ms', localThreshold='15 ms'}, socketSettings=SocketSettings{connectTimeoutMS=10000, readTimeoutMS=0, receiveBufferSize=0, proxySettings=ProxySettings{host=null, port=null, username=null, password=null}}, heartbeatSocketSettings=SocketSettings{connectTimeoutMS=10000, readTimeoutMS=10000, receiveBufferSize=0, proxySettings=ProxySettings{host=null, port=null, username=null, password=null}}, connectionPoolSettings=ConnectionPoolSettings{maxSize=100, minSize=0, maxWaitTimeMS=120000, maxConnectionLifeTimeMS=0, maxConnectionIdleTimeMS=0, maintenanceInitialDelayMS=0, maintenanceFrequencyMS=60000, connectionPoolListeners=[], maxConnecting=2}, serverSettings=ServerSettings{heartbeatFrequencyMS=10000, minHeartbeatFrequencyMS=500, serverMonitoringMode=AUTO, serverListeners='[]', serverMonitorListeners='[]'}, sslSettings=SslSettings{enabled=true, invalidHostNameAllowed=false, context=null}, applicationName='SmartCampusPAF', compressorList=[], uuidRepresentation=UNSPECIFIED, serverApi=null, autoEncryptionSettings=null, dnsClient=null, inetAddressResolver=null, contextProvider=null, timeoutMS=null}
2026-04-14T12:21:53.849+05:30  INFO 4648 --- [cluster-ClusterId{value='69dde4090ba36cedf1518ffa', description='SmartCampusPAF'}-srv-smartcampuspaf.t6kbznv.mongodb.net] org.mongodb.driver.cluster               : Adding discovered server ac-vcutkpt-shard-00-01.t6kbznv.mongodb.net:27017 to client view of cluster
2026-04-14T12:21:53.895+05:30  INFO 4648 --- [cluster-ClusterId{value='69dde4090ba36cedf1518ffa', description='SmartCampusPAF'}-srv-smartcampuspaf.t6kbznv.mongodb.net] org.mongodb.driver.cluster               : Adding discovered server ac-vcutkpt-shard-00-00.t6kbznv.mongodb.net:27017 to client view of cluster
2026-04-14T12:21:53.897+05:30  INFO 4648 --- [cluster-ClusterId{value='69dde4090ba36cedf1518ffa', description='SmartCampusPAF'}-srv-smartcampuspaf.t6kbznv.mongodb.net] org.mongodb.driver.cluster               : Adding discovered server ac-vcutkpt-shard-00-02.t6kbznv.mongodb.net:27017 to client view of cluster
2026-04-14T12:21:54.925+05:30  INFO 4648 --- [cluster-ClusterId{value='69dde4090ba36cedf1518ffa', description='SmartCampusPAF'}-ac-vcutkpt-shard-00-02.t6kbznv.mongodb.net:27017] org.mongodb.driver.cluster               : Exception in monitor thread while connecting to server ac-vcutkpt-shard-00-02.t6kbznv.mongodb.net:27017

com.mongodb.MongoSocketWriteException: Exception sending message
	at com.mongodb.internal.connection.InternalStreamConnection.throwTranslatedWriteException(InternalStreamConnection.java:785) ~[mongodb-driver-core-5.6.4.jar:na]
	at com.mongodb.internal.connection.InternalStreamConnection.sendMessage(InternalStreamConnection.java:670) ~[mongodb-driver-core-5.6.4.jar:na]
	at com.mongodb.internal.connection.InternalStreamConnection.trySendMessage(InternalStreamConnection.java:507) ~[mongodb-driver-core-5.6.4.jar:na]
	at com.mongodb.internal.connection.InternalStreamConnection.sendCommandMessage(InternalStreamConnection.java:482) ~[mongodb-driver-core-5.6.4.jar:na]
	at com.mongodb.internal.connection.InternalStreamConnection.sendAndReceiveInternal(InternalStreamConnection.java:440) ~[mongodb-driver-core-5.6.4.jar:na]
	at com.mongodb.internal.connection.InternalStreamConnection.lambda$sendAndReceive$0(InternalStreamConnection.java:375) ~[mongodb-driver-core-5.6.4.jar:na]
	at com.mongodb.internal.connection.InternalStreamConnection.sendAndReceive(InternalStreamConnection.java:378) ~[mongodb-driver-core-5.6.4.jar:na]
	at com.mongodb.internal.connection.CommandHelper.sendAndReceive(CommandHelper.java:98) ~[mongodb-driver-core-5.6.4.jar:na]
	at com.mongodb.internal.connection.CommandHelper.executeCommand(CommandHelper.java:47) ~[mongodb-driver-core-5.6.4.jar:na]
	at com.mongodb.internal.connection.InternalStreamConnectionInitializer.initializeConnectionDescription(InternalStreamConnectionInitializer.java:144) ~[mongodb-driver-core-5.6.4.jar:na]
	at com.mongodb.internal.connection.InternalStreamConnectionInitializer.startHandshake(InternalStreamConnectionInitializer.java:78) ~[mongodb-driver-core-5.6.4.jar:na]
	at com.mongodb.internal.connection.InternalStreamConnection.open(InternalStreamConnection.java:235) ~[mongodb-driver-core-5.6.4.jar:na]
	at com.mongodb.internal.connection.DefaultServerMonitor$ServerMonitor.setupNewConnectionAndGetInitialDescription(DefaultServerMonitor.java:282) ~[mongodb-driver-core-5.6.4.jar:na]
	at com.mongodb.internal.connection.DefaultServerMonitor$ServerMonitor.lookupServerDescription(DefaultServerMonitor.java:253) ~[mongodb-driver-core-5.6.4.jar:na]
	at com.mongodb.internal.connection.DefaultServerMonitor$ServerMonitor.run(DefaultServerMonitor.java:203) ~[mongodb-driver-core-5.6.4.jar:na]
Caused by: javax.net.ssl.SSLException: (internal_error) Received fatal alert: internal_error
	at java.base/sun.security.ssl.Alert.createSSLException(Alert.java:132) ~[na:na]
	at java.base/sun.security.ssl.Alert.createSSLException(Alert.java:117) ~[na:na]
	at java.base/sun.security.ssl.TransportContext.fatal(TransportContext.java:363) ~[na:na]
	at java.base/sun.security.ssl.Alert$AlertConsumer.consume(Alert.java:287) ~[na:na]
	at java.base/sun.security.ssl.TransportContext.dispatch(TransportContext.java:202) ~[na:na]
	at java.base/sun.security.ssl.SSLTransport.decode(SSLTransport.java:172) ~[na:na]
	at java.base/sun.security.ssl.SSLSocketImpl.decode(SSLSocketImpl.java:1506) ~[na:na]
	at java.base/sun.security.ssl.SSLSocketImpl.readHandshakeRecord(SSLSocketImpl.java:1421) ~[na:na]
	at java.base/sun.security.ssl.SSLSocketImpl.startHandshake(SSLSocketImpl.java:455) ~[na:na]
	at java.base/sun.security.ssl.SSLSocketImpl.ensureNegotiated(SSLSocketImpl.java:924) ~[na:na]
	at java.base/sun.security.ssl.SSLSocketImpl$AppOutputStream.write(SSLSocketImpl.java:1293) ~[na:na]
	at com.mongodb.internal.connection.SocketStream.write(SocketStream.java:165) ~[mongodb-driver-core-5.6.4.jar:na]
	at com.mongodb.internal.connection.InternalStreamConnection.sendMessage(InternalStreamConnection.java:667) ~[mongodb-driver-core-5.6.4.jar:na]
	... 13 common frames omitted

2026-04-14T12:21:54.924+05:30  INFO 4648 --- [cluster-ClusterId{value='69dde4090ba36cedf1518ffa', description='SmartCampusPAF'}-ac-vcutkpt-shard-00-00.t6kbznv.mongodb.net:27017] org.mongodb.driver.cluster               : Exception in monitor thread while connecting to server ac-vcutkpt-shard-00-00.t6kbznv.mongodb.net:27017

com.mongodb.MongoSocketWriteException: Exception sending message
	at com.mongodb.internal.connection.InternalStreamConnection.throwTranslatedWriteException(InternalStreamConnection.java:785) ~[mongodb-driver-core-5.6.4.jar:na]
	at com.mongodb.internal.connection.InternalStreamConnection.sendMessage(InternalStreamConnection.java:670) ~[mongodb-driver-core-5.6.4.jar:na]
	at com.mongodb.internal.connection.InternalStreamConnection.trySendMessage(InternalStreamConnection.java:507) ~[mongodb-driver-core-5.6.4.jar:na]
	at com.mongodb.internal.connection.InternalStreamConnection.sendCommandMessage(InternalStreamConnection.java:482) ~[mongodb-driver-core-5.6.4.jar:na]
	at com.mongodb.internal.connection.InternalStreamConnection.sendAndReceiveInternal(InternalStreamConnection.java:440) ~[mongodb-driver-core-5.6.4.jar:na]
	at com.mongodb.internal.connection.InternalStreamConnection.lambda$sendAndReceive$0(InternalStreamConnection.java:375) ~[mongodb-driver-core-5.6.4.jar:na]
	at com.mongodb.internal.connection.InternalStreamConnection.sendAndReceive(InternalStreamConnection.java:378) ~[mongodb-driver-core-5.6.4.jar:na]
	at com.mongodb.internal.connection.CommandHelper.sendAndReceive(CommandHelper.java:98) ~[mongodb-driver-core-5.6.4.jar:na]
	at com.mongodb.internal.connection.CommandHelper.executeCommand(CommandHelper.java:47) ~[mongodb-driver-core-5.6.4.jar:na]
	at com.mongodb.internal.connection.InternalStreamConnectionInitializer.initializeConnectionDescription(InternalStreamConnectionInitializer.java:144) ~[mongodb-driver-core-5.6.4.jar:na]
	at com.mongodb.internal.connection.InternalStreamConnectionInitializer.startHandshake(InternalStreamConnectionInitializer.java:78) ~[mongodb-driver-core-5.6.4.jar:na]
	at com.mongodb.internal.connection.InternalStreamConnection.open(InternalStreamConnection.java:235) ~[mongodb-driver-core-5.6.4.jar:na]
	at com.mongodb.internal.connection.DefaultServerMonitor$ServerMonitor.setupNewConnectionAndGetInitialDescription(DefaultServerMonitor.java:282) ~[mongodb-driver-core-5.6.4.jar:na]
	at com.mongodb.internal.connection.DefaultServerMonitor$ServerMonitor.lookupServerDescription(DefaultServerMonitor.java:253) ~[mongodb-driver-core-5.6.4.jar:na]
	at com.mongodb.internal.connection.DefaultServerMonitor$ServerMonitor.run(DefaultServerMonitor.java:203) ~[mongodb-driver-core-5.6.4.jar:na]
Caused by: javax.net.ssl.SSLException: (internal_error) Received fatal alert: internal_error
	at java.base/sun.security.ssl.Alert.createSSLException(Alert.java:132) ~[na:na]
	at java.base/sun.security.ssl.Alert.createSSLException(Alert.java:117) ~[na:na]
	at java.base/sun.security.ssl.TransportContext.fatal(TransportContext.java:363) ~[na:na]
	at java.base/sun.security.ssl.Alert$AlertConsumer.consume(Alert.java:287) ~[na:na]
	at java.base/sun.security.ssl.TransportContext.dispatch(TransportContext.java:202) ~[na:na]
	at java.base/sun.security.ssl.SSLTransport.decode(SSLTransport.java:172) ~[na:na]
	at java.base/sun.security.ssl.SSLSocketImpl.decode(SSLSocketImpl.java:1506) ~[na:na]
	at java.base/sun.security.ssl.SSLSocketImpl.readHandshakeRecord(SSLSocketImpl.java:1421) ~[na:na]
	at java.base/sun.security.ssl.SSLSocketImpl.startHandshake(SSLSocketImpl.java:455) ~[na:na]
	at java.base/sun.security.ssl.SSLSocketImpl.ensureNegotiated(SSLSocketImpl.java:924) ~[na:na]
	at java.base/sun.security.ssl.SSLSocketImpl$AppOutputStream.write(SSLSocketImpl.java:1293) ~[na:na]
	at com.mongodb.internal.connection.SocketStream.write(SocketStream.java:165) ~[mongodb-driver-core-5.6.4.jar:na]
	at com.mongodb.internal.connection.InternalStreamConnection.sendMessage(InternalStreamConnection.java:667) ~[mongodb-driver-core-5.6.4.jar:na]
	... 13 common frames omitted

2026-04-14T12:21:54.925+05:30  INFO 4648 --- [cluster-ClusterId{value='69dde4090ba36cedf1518ffa', description='SmartCampusPAF'}-ac-vcutkpt-shard-00-01.t6kbznv.mongodb.net:27017] org.mongodb.driver.cluster               : Exception in monitor thread while connecting to server ac-vcutkpt-shard-00-01.t6kbznv.mongodb.net:27017

com.mongodb.MongoSocketWriteException: Exception sending message
	at com.mongodb.internal.connection.InternalStreamConnection.throwTranslatedWriteException(InternalStreamConnection.java:785) ~[mongodb-driver-core-5.6.4.jar:na]
	at com.mongodb.internal.connection.InternalStreamConnection.sendMessage(InternalStreamConnection.java:670) ~[mongodb-driver-core-5.6.4.jar:na]
	at com.mongodb.internal.connection.InternalStreamConnection.trySendMessage(InternalStreamConnection.java:507) ~[mongodb-driver-core-5.6.4.jar:na]
	at com.mongodb.internal.connection.InternalStreamConnection.sendCommandMessage(InternalStreamConnection.java:482) ~[mongodb-driver-core-5.6.4.jar:na]
	at com.mongodb.internal.connection.InternalStreamConnection.sendAndReceiveInternal(InternalStreamConnection.java:440) ~[mongodb-driver-core-5.6.4.jar:na]
	at com.mongodb.internal.connection.InternalStreamConnection.lambda$sendAndReceive$0(InternalStreamConnection.java:375) ~[mongodb-driver-core-5.6.4.jar:na]
	at com.mongodb.internal.connection.InternalStreamConnection.sendAndReceive(InternalStreamConnection.java:378) ~[mongodb-driver-core-5.6.4.jar:na]
	at com.mongodb.internal.connection.CommandHelper.sendAndReceive(CommandHelper.java:98) ~[mongodb-driver-core-5.6.4.jar:na]
	at com.mongodb.internal.connection.CommandHelper.executeCommand(CommandHelper.java:47) ~[mongodb-driver-core-5.6.4.jar:na]
	at com.mongodb.internal.connection.InternalStreamConnectionInitializer.initializeConnectionDescription(InternalStreamConnectionInitializer.java:144) ~[mongodb-driver-core-5.6.4.jar:na]
	at com.mongodb.internal.connection.InternalStreamConnectionInitializer.startHandshake(InternalStreamConnectionInitializer.java:78) ~[mongodb-driver-core-5.6.4.jar:na]
	at com.mongodb.internal.connection.InternalStreamConnection.open(InternalStreamConnection.java:235) ~[mongodb-driver-core-5.6.4.jar:na]
	at com.mongodb.internal.connection.DefaultServerMonitor$ServerMonitor.setupNewConnectionAndGetInitialDescription(DefaultServerMonitor.java:282) ~[mongodb-driver-core-5.6.4.jar:na]
	at com.mongodb.internal.connection.DefaultServerMonitor$ServerMonitor.lookupServerDescription(DefaultServerMonitor.java:253) ~[mongodb-driver-core-5.6.4.jar:na]
	at com.mongodb.internal.connection.DefaultServerMonitor$ServerMonitor.run(DefaultServerMonitor.java:203) ~[mongodb-driver-core-5.6.4.jar:na]
Caused by: javax.net.ssl.SSLException: (internal_error) Received fatal alert: internal_error
	at java.base/sun.security.ssl.Alert.createSSLException(Alert.java:132) ~[na:na]
	at java.base/sun.security.ssl.Alert.createSSLException(Alert.java:117) ~[na:na]
	at java.base/sun.security.ssl.TransportContext.fatal(TransportContext.java:363) ~[na:na]
	at java.base/sun.security.ssl.Alert$AlertConsumer.consume(Alert.java:287) ~[na:na]
	at java.base/sun.security.ssl.TransportContext.dispatch(TransportContext.java:202) ~[na:na]
	at java.base/sun.security.ssl.SSLTransport.decode(SSLTransport.java:172) ~[na:na]
	at java.base/sun.security.ssl.SSLSocketImpl.decode(SSLSocketImpl.java:1506) ~[na:na]
	at java.base/sun.security.ssl.SSLSocketImpl.readHandshakeRecord(SSLSocketImpl.java:1421) ~[na:na]
	at java.base/sun.security.ssl.SSLSocketImpl.startHandshake(SSLSocketImpl.java:455) ~[na:na]
	at java.base/sun.security.ssl.SSLSocketImpl.ensureNegotiated(SSLSocketImpl.java:924) ~[na:na]
	at java.base/sun.security.ssl.SSLSocketImpl$AppOutputStream.write(SSLSocketImpl.java:1293) ~[na:na]
	at com.mongodb.internal.connection.SocketStream.write(SocketStream.java:165) ~[mongodb-driver-core-5.6.4.jar:na]
	at com.mongodb.internal.connection.InternalStreamConnection.sendMessage(InternalStreamConnection.java:667) ~[mongodb-driver-core-5.6.4.jar:na]
	... 13 common frames omitted

2026-04-14T12:21:55.096+05:30 DEBUG 4648 --- [main] swordEncoderAuthenticationManagerBuilder : No authenticationProviders and no parentAuthenticationManager defined. Returning null.
2026-04-14T12:21:55.333+05:30 DEBUG 4648 --- [main] o.s.s.web.DefaultSecurityFilterChain     : Will secure any request with filters: DisableEncodeUrlFilter, WebAsyncManagerIntegrationFilter, SecurityContextHolderFilter, HeaderWriterFilter, CorsFilter, LogoutFilter, OAuth2AuthorizationRequestRedirectFilter, OAuth2LoginAuthenticationFilter, JwtAuthenticationFilter, DefaultResourcesFilter, DefaultLoginPageGeneratingFilter, DefaultLogoutPageGeneratingFilter, RequestCacheAwareFilter, SecurityContextHolderAwareRequestFilter, AnonymousAuthenticationFilter, SessionManagementFilter, ExceptionTranslationFilter, AuthorizationFilter
2026-04-14T12:21:55.751+05:30  INFO 4648 --- [main] o.s.m.s.b.SimpleBrokerMessageHandler     : Starting...
2026-04-14T12:21:55.753+05:30  INFO 4648 --- [main] o.s.m.s.b.SimpleBrokerMessageHandler     : BrokerAvailabilityEvent[available=true, SimpleBrokerMessageHandler [org.springframework.messaging.simp.broker.DefaultSubscriptionRegistry@6c2dd88b]]
2026-04-14T12:21:55.754+05:30  INFO 4648 --- [main] o.s.m.s.b.SimpleBrokerMessageHandler     : Started.
2026-04-14T12:21:55.774+05:30  INFO 4648 --- [main] o.s.boot.tomcat.TomcatWebServer          : Tomcat started on port 8080 (http) with context path '/'
2026-04-14T12:21:55.784+05:30  INFO 4648 --- [main] c.s.backend.BackendApplication           : Started BackendApplication in 5.352 seconds (process running for 6.029)
2026-04-14T12:22:50.930+05:30  INFO 4648 --- [SpringApplicationShutdownHook] o.s.boot.tomcat.GracefulShutdown         : Commencing graceful shutdown. Waiting for active requests to complete
2026-04-14T12:22:50.955+05:30  INFO 4648 --- [tomcat-shutdown] o.s.boot.tomcat.GracefulShutdown         : Graceful shutdown complete
2026-04-14T12:22:50.960+05:30  INFO 4648 --- [SpringApplicationShutdownHook] o.s.m.s.b.SimpleBrokerMessageHandler     : Stopping...
2026-04-14T12:22:50.960+05:30  INFO 4648 --- [SpringApplicationShutdownHook] o.s.m.s.b.SimpleBrokerMessageHandler     : BrokerAvailabilityEvent[available=false, SimpleBrokerMessageHandler [org.springframework.messaging.simp.broker.DefaultSubscriptionRegistry@6c2dd88b]]
2026-04-14T12:22:50.962+05:30  INFO 4648 --- [SpringApplicationShutdownHook] o.s.m.s.b.SimpleBrokerMessageHandler     : Stopped.
