2026-04-21T11:39:33.704+05:30  INFO 14104 --- [main] c.s.backend.BackendApplication           : Starting BackendApplication using Java 25.0.2 with PID 14104 (D:\My Projects\PAF-Assignment\backend\target\classes started by ASUS in D:\My Projects\PAF-Assignment\backend)
2026-04-21T11:39:33.710+05:30  INFO 14104 --- [main] c.s.backend.BackendApplication           : No active profile set, falling back to 1 default profile: "default"
2026-04-21T11:39:34.444+05:30  INFO 14104 --- [main] .s.d.r.c.RepositoryConfigurationDelegate : Bootstrapping Spring Data MongoDB repositories in DEFAULT mode.
2026-04-21T11:39:34.509+05:30  INFO 14104 --- [main] .s.d.r.c.RepositoryConfigurationDelegate : Finished Spring Data repository scanning in 57 ms. Found 7 MongoDB repository interfaces.
2026-04-21T11:39:34.984+05:30  INFO 14104 --- [main] o.s.boot.tomcat.TomcatWebServer          : Tomcat initialized with port 8080 (http)
2026-04-21T11:39:35.003+05:30  INFO 14104 --- [main] o.apache.catalina.core.StandardService   : Starting service [Tomcat]
2026-04-21T11:39:35.004+05:30  INFO 14104 --- [main] o.apache.catalina.core.StandardEngine    : Starting Servlet engine: [Apache Tomcat/11.0.18]
2026-04-21T11:39:35.051+05:30  INFO 14104 --- [main] b.w.c.s.WebApplicationContextInitializer : Root WebApplicationContext: initialization completed in 1287 ms
2026-04-21T11:39:35.620+05:30  INFO 14104 --- [main] org.mongodb.driver.client                : MongoClient with metadata {"application": {"name": "SmartCampusPAF"}, "driver": {"name": "mongo-java-driver|spring-boot|sync", "version": "5.6.4"}, "os": {"type": "Windows", "name": "Windows 11", "architecture": "amd64", "version": "10.0"}, "platform": "Java/Oracle Corporation/25.0.2+10-LTS-69"} created with settings MongoClientSettings{readPreference=primary, writeConcern=WriteConcern{w=null, wTimeout=null ms, journal=null}, retryWrites=true, retryReads=true, readConcern=ReadConcern{level=null}, credential=MongoCredential{mechanism=null, userName='chamikashashipriya4_db_user', source='admin', password=<hidden>, mechanismProperties=<hidden>}, transportSettings=null, commandListeners=[], codecRegistry=ProvidersCodecRegistry{codecProviders=[ValueCodecProvider{}, BsonValueCodecProvider{}, DBRefCodecProvider{}, DBObjectCodecProvider{}, DocumentCodecProvider{}, CollectionCodecProvider{}, IterableCodecProvider{}, MapCodecProvider{}, GeoJsonCodecProvider{}, GridFSFileCodecProvider{}, Jsr310CodecProvider{}, JsonObjectCodecProvider{}, BsonCodecProvider{}, com.mongodb.client.model.mql.ExpressionCodecProvider@619c93ca, com.mongodb.Jep395RecordCodecProvider@486e9d1d, com.mongodb.KotlinCodecProvider@6aa5974e, EnumCodecProvider{}]}, loggerSettings=LoggerSettings{maxDocumentLength=1000}, clusterSettings={hosts=[127.0.0.1:27017], srvHost=smartcampuspaf.t6kbznv.mongodb.net, srvServiceName=mongodb, mode=MULTIPLE, requiredClusterType=REPLICA_SET, requiredReplicaSetName='atlas-1ck7g4-shard-0', serverSelector='null', clusterListeners='[]', serverSelectionTimeout='30000 ms', localThreshold='15 ms'}, socketSettings=SocketSettings{connectTimeoutMS=10000, readTimeoutMS=0, receiveBufferSize=0, proxySettings=ProxySettings{host=null, port=null, username=null, password=null}}, heartbeatSocketSettings=SocketSettings{connectTimeoutMS=10000, readTimeoutMS=10000, receiveBufferSize=0, proxySettings=ProxySettings{host=null, port=null, username=null, password=null}}, connectionPoolSettings=ConnectionPoolSettings{maxSize=100, minSize=0, maxWaitTimeMS=120000, maxConnectionLifeTimeMS=0, maxConnectionIdleTimeMS=0, maintenanceInitialDelayMS=0, maintenanceFrequencyMS=60000, connectionPoolListeners=[], maxConnecting=2}, serverSettings=ServerSettings{heartbeatFrequencyMS=10000, minHeartbeatFrequencyMS=500, serverMonitoringMode=AUTO, serverListeners='[]', serverMonitorListeners='[]'}, sslSettings=SslSettings{enabled=true, invalidHostNameAllowed=false, context=null}, applicationName='SmartCampusPAF', compressorList=[], uuidRepresentation=UNSPECIFIED, serverApi=null, autoEncryptionSettings=null, dnsClient=null, inetAddressResolver=null, contextProvider=null, timeoutMS=null}
2026-04-21T11:39:37.129+05:30  INFO 14104 --- [cluster-ClusterId{value='69e7149f25bc714421ce31f8', description='SmartCampusPAF'}-srv-smartcampuspaf.t6kbznv.mongodb.net] org.mongodb.driver.cluster               : Adding discovered server ac-vcutkpt-shard-00-01.t6kbznv.mongodb.net:27017 to client view of cluster
2026-04-21T11:39:37.180+05:30  INFO 14104 --- [cluster-ClusterId{value='69e7149f25bc714421ce31f8', description='SmartCampusPAF'}-srv-smartcampuspaf.t6kbznv.mongodb.net] org.mongodb.driver.cluster               : Adding discovered server ac-vcutkpt-shard-00-00.t6kbznv.mongodb.net:27017 to client view of cluster
2026-04-21T11:39:37.181+05:30  INFO 14104 --- [cluster-ClusterId{value='69e7149f25bc714421ce31f8', description='SmartCampusPAF'}-srv-smartcampuspaf.t6kbznv.mongodb.net] org.mongodb.driver.cluster               : Adding discovered server ac-vcutkpt-shard-00-02.t6kbznv.mongodb.net:27017 to client view of cluster
2026-04-21T11:39:37.806+05:30 DEBUG 14104 --- [main] swordEncoderAuthenticationManagerBuilder : No authenticationProviders and no parentAuthenticationManager defined. Returning null.
2026-04-21T11:39:37.921+05:30 DEBUG 14104 --- [main] o.s.s.web.DefaultSecurityFilterChain     : Will secure any request with filters: DisableEncodeUrlFilter, WebAsyncManagerIntegrationFilter, SecurityContextHolderFilter, HeaderWriterFilter, CorsFilter, LogoutFilter, OAuth2AuthorizationRequestRedirectFilter, OAuth2LoginAuthenticationFilter, JwtAuthenticationFilter, DefaultResourcesFilter, DefaultLoginPageGeneratingFilter, DefaultLogoutPageGeneratingFilter, RequestCacheAwareFilter, SecurityContextHolderAwareRequestFilter, AnonymousAuthenticationFilter, SessionManagementFilter, ExceptionTranslationFilter, AuthorizationFilter
2026-04-21T11:39:38.130+05:30  INFO 14104 --- [main] o.s.m.s.b.SimpleBrokerMessageHandler     : Starting...
2026-04-21T11:39:38.131+05:30  INFO 14104 --- [main] o.s.m.s.b.SimpleBrokerMessageHandler     : BrokerAvailabilityEvent[available=true, SimpleBrokerMessageHandler [org.springframework.messaging.simp.broker.DefaultSubscriptionRegistry@2095c331]]
2026-04-21T11:39:38.131+05:30  INFO 14104 --- [main] o.s.m.s.b.SimpleBrokerMessageHandler     : Started.
2026-04-21T11:39:38.139+05:30  INFO 14104 --- [main] o.s.boot.tomcat.TomcatWebServer          : Tomcat started on port 8080 (http) with context path '/'
2026-04-21T11:39:38.144+05:30  INFO 14104 --- [main] c.s.backend.BackendApplication           : Started BackendApplication in 5.001 seconds (process running for 5.659)
2026-04-21T11:39:38.484+05:30  INFO 14104 --- [cluster-ClusterId{value='69e7149f25bc714421ce31f8', description='SmartCampusPAF'}-ac-vcutkpt-shard-00-00.t6kbznv.mongodb.net:27017] org.mongodb.driver.cluster               : Monitor thread successfully connected to server with description ServerDescription{address=ac-vcutkpt-shard-00-00.t6kbznv.mongodb.net:27017, type=REPLICA_SET_SECONDARY, cryptd=false, state=CONNECTED, ok=true, minWireVersion=0, maxWireVersion=25, maxDocumentSize=16777216, logicalSessionTimeoutMinutes=30, roundTripTimeNanos=642738900, minRoundTripTimeNanos=0, setName='atlas-1ck7g4-shard-0', canonicalAddress=ac-vcutkpt-shard-00-00.t6kbznv.mongodb.net:27017, hosts=[ac-vcutkpt-shard-00-00.t6kbznv.mongodb.net:27017, ac-vcutkpt-shard-00-02.t6kbznv.mongodb.net:27017, ac-vcutkpt-shard-00-01.t6kbznv.mongodb.net:27017], passives=[], arbiters=[], primary='ac-vcutkpt-shard-00-01.t6kbznv.mongodb.net:27017', tagSet=TagSet{[Tag{name='availabilityZone', value='aps1-az1'}, Tag{name='cacheState', value='READY'}, Tag{name='diskState', value='READY'}, Tag{name='nodeType', value='ELECTABLE'}, Tag{name='provider', value='AWS'}, Tag{name='region', value='AP_SOUTH_1'}, Tag{name='workloadType', value='OPERATIONAL'}]}, electionId=null, setVersion=56, topologyVersion=TopologyVersion{processId=69cebeff9d208d7200f61d71, counter=5}, lastWriteDate=Tue Apr 21 11:39:37 IST 2026, lastUpdateTimeNanos=304532364458500}
2026-04-21T11:39:38.494+05:30  INFO 14104 --- [cluster-ClusterId{value='69e7149f25bc714421ce31f8', description='SmartCampusPAF'}-ac-vcutkpt-shard-00-02.t6kbznv.mongodb.net:27017] org.mongodb.driver.cluster               : Monitor thread successfully connected to server with description ServerDescription{address=ac-vcutkpt-shard-00-02.t6kbznv.mongodb.net:27017, type=REPLICA_SET_SECONDARY, cryptd=false, state=CONNECTED, ok=true, minWireVersion=0, maxWireVersion=25, maxDocumentSize=16777216, logicalSessionTimeoutMinutes=30, roundTripTimeNanos=654401200, minRoundTripTimeNanos=0, setName='atlas-1ck7g4-shard-0', canonicalAddress=ac-vcutkpt-shard-00-02.t6kbznv.mongodb.net:27017, hosts=[ac-vcutkpt-shard-00-00.t6kbznv.mongodb.net:27017, ac-vcutkpt-shard-00-02.t6kbznv.mongodb.net:27017, ac-vcutkpt-shard-00-01.t6kbznv.mongodb.net:27017], passives=[], arbiters=[], primary='ac-vcutkpt-shard-00-01.t6kbznv.mongodb.net:27017', tagSet=TagSet{[Tag{name='availabilityZone', value='aps1-az2'}, Tag{name='cacheState', value='READY'}, Tag{name='diskState', value='READY'}, Tag{name='nodeType', value='ELECTABLE'}, Tag{name='provider', value='AWS'}, Tag{name='region', value='AP_SOUTH_1'}, Tag{name='workloadType', value='OPERATIONAL'}]}, electionId=null, setVersion=56, topologyVersion=TopologyVersion{processId=69cec42adcfe9c89fe684ada, counter=4}, lastWriteDate=Tue Apr 21 11:39:37 IST 2026, lastUpdateTimeNanos=304532376219100}
2026-04-21T11:39:38.495+05:30  INFO 14104 --- [cluster-ClusterId{value='69e7149f25bc714421ce31f8', description='SmartCampusPAF'}-ac-vcutkpt-shard-00-01.t6kbznv.mongodb.net:27017] org.mongodb.driver.cluster               : Monitor thread successfully connected to server with description ServerDescription{address=ac-vcutkpt-shard-00-01.t6kbznv.mongodb.net:27017, type=REPLICA_SET_PRIMARY, cryptd=false, state=CONNECTED, ok=true, minWireVersion=0, maxWireVersion=25, maxDocumentSize=16777216, logicalSessionTimeoutMinutes=30, roundTripTimeNanos=636263600, minRoundTripTimeNanos=0, setName='atlas-1ck7g4-shard-0', canonicalAddress=ac-vcutkpt-shard-00-01.t6kbznv.mongodb.net:27017, hosts=[ac-vcutkpt-shard-00-00.t6kbznv.mongodb.net:27017, ac-vcutkpt-shard-00-02.t6kbznv.mongodb.net:27017, ac-vcutkpt-shard-00-01.t6kbznv.mongodb.net:27017], passives=[], arbiters=[], primary='ac-vcutkpt-shard-00-01.t6kbznv.mongodb.net:27017', tagSet=TagSet{[Tag{name='availabilityZone', value='aps1-az3'}, Tag{name='cacheState', value='READY'}, Tag{name='diskState', value='READY'}, Tag{name='nodeType', value='ELECTABLE'}, Tag{name='provider', value='AWS'}, Tag{name='region', value='AP_SOUTH_1'}, Tag{name='workloadType', value='OPERATIONAL'}]}, electionId=7fffffff00000000000000af, setVersion=56, topologyVersion=TopologyVersion{processId=69cec132f191687a6ed8f2f7, counter=7}, lastWriteDate=Tue Apr 21 11:39:37 IST 2026, lastUpdateTimeNanos=304532378322600}
2026-04-21T11:39:38.495+05:30  INFO 14104 --- [cluster-ClusterId{value='69e7149f25bc714421ce31f8', description='SmartCampusPAF'}-ac-vcutkpt-shard-00-01.t6kbznv.mongodb.net:27017] org.mongodb.driver.cluster               : Discovered replica set primary ac-vcutkpt-shard-00-01.t6kbznv.mongodb.net:27017 with max election id 7fffffff00000000000000af and max set version 56
2026-04-21T11:39:53.903+05:30  INFO 14104 --- [http-nio-8080-exec-3] o.a.c.c.C.[Tomcat].[localhost].[/]       : Initializing Spring DispatcherServlet 'dispatcherServlet'
2026-04-21T11:39:53.904+05:30  INFO 14104 --- [http-nio-8080-exec-3] o.s.web.servlet.DispatcherServlet        : Initializing Servlet 'dispatcherServlet'
2026-04-21T11:39:53.907+05:30  INFO 14104 --- [http-nio-8080-exec-3] o.s.web.servlet.DispatcherServlet        : Completed initialization in 2 ms
2026-04-21T11:39:53.925+05:30 DEBUG 14104 --- [http-nio-8080-exec-3] o.s.security.web.FilterChainProxy        : Securing OPTIONS /api/auth/me
2026-04-21T11:39:53.925+05:30 DEBUG 14104 --- [http-nio-8080-exec-1] o.s.security.web.FilterChainProxy        : Securing OPTIONS /api/auth/me
2026-04-21T11:39:53.979+05:30 DEBUG 14104 --- [http-nio-8080-exec-2] o.s.security.web.FilterChainProxy        : Securing GET /api/auth/me
2026-04-21T11:39:55.669+05:30 DEBUG 14104 --- [http-nio-8080-exec-2] o.s.security.web.FilterChainProxy        : Secured GET /api/auth/me
2026-04-21T11:39:55.863+05:30 DEBUG 14104 --- [http-nio-8080-exec-4] o.s.security.web.FilterChainProxy        : Securing GET /api/auth/me
2026-04-21T11:39:55.867+05:30 DEBUG 14104 --- [http-nio-8080-exec-5] o.s.security.web.FilterChainProxy        : Securing OPTIONS /api/notifications/user/69db81ca93f96eaad5d1aca2
2026-04-21T11:39:55.883+05:30 DEBUG 14104 --- [http-nio-8080-exec-6] o.s.security.web.FilterChainProxy        : Securing GET /ws/info?t=1776751795869
2026-04-21T11:39:55.881+05:30 DEBUG 14104 --- [http-nio-8080-exec-7] o.s.security.web.FilterChainProxy        : Securing GET /api/notifications/user/69db81ca93f96eaad5d1aca2
2026-04-21T11:39:55.894+05:30 DEBUG 14104 --- [http-nio-8080-exec-6] o.s.s.w.a.AnonymousAuthenticationFilter  : Set SecurityContextHolder to anonymous SecurityContext
2026-04-21T11:39:55.954+05:30 DEBUG 14104 --- [http-nio-8080-exec-6] s.w.a.DelegatingAuthenticationEntryPoint : Trying to match using And [Not [RequestHeaderRequestMatcher [expectedHeaderName=X-Requested-With, expectedHeaderValue=XMLHttpRequest]], Not [And [Or [PathPattern [/login], PathPattern [/favicon.ico]], And [Not [RequestHeaderRequestMatcher [expectedHeaderName=X-Requested-With, expectedHeaderValue=XMLHttpRequest]], MediaTypeRequestMatcher [contentNegotiationStrategy=org.springframework.web.accept.ContentNegotiationManager@12c0e54c, matchingMediaTypes=[application/xhtml+xml, image/*, text/html, text/plain], useEquals=false, ignoredMediaTypes=[*/*]]]]], org.springframework.security.config.annotation.web.configurers.oauth2.client.OAuth2LoginConfigurer$$Lambda/0x0000000021686fe0@536a8889]
2026-04-21T11:39:55.954+05:30 DEBUG 14104 --- [http-nio-8080-exec-6] s.w.a.DelegatingAuthenticationEntryPoint : Match found! Executing org.springframework.security.web.authentication.LoginUrlAuthenticationEntryPoint@4f4e9739
2026-04-21T11:39:55.954+05:30 DEBUG 14104 --- [http-nio-8080-exec-6] o.s.s.web.DefaultRedirectStrategy        : Redirecting to /oauth2/authorization/google
2026-04-21T11:39:55.982+05:30 DEBUG 14104 --- [http-nio-8080-exec-8] o.s.security.web.FilterChainProxy        : Securing GET /oauth2/authorization/google
2026-04-21T11:39:56.032+05:30 DEBUG 14104 --- [http-nio-8080-exec-4] o.s.security.web.FilterChainProxy        : Secured GET /api/auth/me
2026-04-21T11:39:56.060+05:30 DEBUG 14104 --- [http-nio-8080-exec-8] o.s.s.web.DefaultRedirectStrategy        : Redirecting to https://accounts.google.com/o/oauth2/v2/auth?response_type=code&client_id=621059199259-oj63gu75m4co6imi71j04auu6c7ti0ab.apps.googleusercontent.com&scope=profile%20email&state=ZUKJc5-LsuNY9_jXG_quBS_lxYuSxx6R3YOJzOH088c%3D&redirect_uri=http://localhost:8080/login/oauth2/code/google&code_challenge=gtLgMtbAsKscyhYCS_rIZsjmEWx1kHykVJCntqY_fKI&code_challenge_method=S256
2026-04-21T11:39:56.280+05:30 DEBUG 14104 --- [http-nio-8080-exec-9] o.s.security.web.FilterChainProxy        : Securing GET /ws/info?t=1776751796250
2026-04-21T11:39:56.285+05:30 DEBUG 14104 --- [http-nio-8080-exec-9] o.s.s.w.a.AnonymousAuthenticationFilter  : Set SecurityContextHolder to anonymous SecurityContext
2026-04-21T11:39:56.296+05:30 DEBUG 14104 --- [http-nio-8080-exec-9] s.w.a.DelegatingAuthenticationEntryPoint : Trying to match using And [Not [RequestHeaderRequestMatcher [expectedHeaderName=X-Requested-With, expectedHeaderValue=XMLHttpRequest]], Not [And [Or [PathPattern [/login], PathPattern [/favicon.ico]], And [Not [RequestHeaderRequestMatcher [expectedHeaderName=X-Requested-With, expectedHeaderValue=XMLHttpRequest]], MediaTypeRequestMatcher [contentNegotiationStrategy=org.springframework.web.accept.ContentNegotiationManager@12c0e54c, matchingMediaTypes=[application/xhtml+xml, image/*, text/html, text/plain], useEquals=false, ignoredMediaTypes=[*/*]]]]], org.springframework.security.config.annotation.web.configurers.oauth2.client.OAuth2LoginConfigurer$$Lambda/0x0000000021686fe0@536a8889]
2026-04-21T11:39:56.296+05:30 DEBUG 14104 --- [http-nio-8080-exec-9] s.w.a.DelegatingAuthenticationEntryPoint : Match found! Executing org.springframework.security.web.authentication.LoginUrlAuthenticationEntryPoint@4f4e9739
2026-04-21T11:39:56.296+05:30 DEBUG 14104 --- [http-nio-8080-exec-9] o.s.s.web.DefaultRedirectStrategy        : Redirecting to /oauth2/authorization/google
2026-04-21T11:39:56.306+05:30 DEBUG 14104 --- [http-nio-8080-exec-10] o.s.security.web.FilterChainProxy        : Securing GET /oauth2/authorization/google
2026-04-21T11:39:56.316+05:30 DEBUG 14104 --- [http-nio-8080-exec-10] o.s.s.web.DefaultRedirectStrategy        : Redirecting to https://accounts.google.com/o/oauth2/v2/auth?response_type=code&client_id=621059199259-oj63gu75m4co6imi71j04auu6c7ti0ab.apps.googleusercontent.com&scope=profile%20email&state=pVfIqi9zOM8ngwuxVGUEQCCXJ5KT_8uiKAJi7XYfAzs%3D&redirect_uri=http://localhost:8080/login/oauth2/code/google&code_challenge=rGhOWJWMPXlDJlj_I-GSVYupgf-H5HfF2K7Jh5bRRO8&code_challenge_method=S256
2026-04-21T11:39:57.029+05:30 DEBUG 14104 --- [http-nio-8080-exec-3] o.s.security.web.FilterChainProxy        : Securing GET /oauth2/authorization/google
2026-04-21T11:39:57.034+05:30 DEBUG 14104 --- [http-nio-8080-exec-3] o.s.s.web.DefaultRedirectStrategy        : Redirecting to https://accounts.google.com/o/oauth2/v2/auth?response_type=code&client_id=621059199259-oj63gu75m4co6imi71j04auu6c7ti0ab.apps.googleusercontent.com&scope=profile%20email&state=fXUkltOfMKTg4daRd40QnvrTFOeHWttkQcGqMUP2pVg%3D&redirect_uri=http://localhost:8080/login/oauth2/code/google&code_challenge=foEVrnOjNh9qv9HeqeaMaV-PlM44dNduNxrMjWSKlsg&code_challenge_method=S256
2026-04-21T11:39:57.111+05:30 DEBUG 14104 --- [http-nio-8080-exec-7] o.s.security.web.FilterChainProxy        : Secured GET /api/notifications/user/69db81ca93f96eaad5d1aca2
2026-04-21T11:39:59.350+05:30 DEBUG 14104 --- [http-nio-8080-exec-1] o.s.security.web.FilterChainProxy        : Securing GET /api/notifications/user/69db81ca93f96eaad5d1aca2
2026-04-21T11:40:02.826+05:30 DEBUG 14104 --- [http-nio-8080-exec-1] o.s.security.web.FilterChainProxy        : Secured GET /api/notifications/user/69db81ca93f96eaad5d1aca2
2026-04-21T11:40:23.292+05:30 DEBUG 14104 --- [http-nio-8080-exec-2] o.s.security.web.FilterChainProxy        : Securing GET /login/oauth2/code/google?state=fXUkltOfMKTg4daRd40QnvrTFOeHWttkQcGqMUP2pVg%3D&iss=https%3A%2F%2Faccounts.google.com&code=4%2F0Aci98E8EVTsrKECseRX4JMvc6kNNs8utlR1Jk6TI4YWW6SiOIjCt2zqcMANK3wuoOWp9sw&scope=email+profile+https%3A%2F%2Fwww.googleapis.com%2Fauth%2Fuserinfo.email+openid+https%3A%2F%2Fwww.googleapis.com%2Fauth%2Fuserinfo.profile&authuser=0&prompt=none
2026-04-21T11:40:27.336+05:30 DEBUG 14104 --- [http-nio-8080-exec-2] .s.ChangeSessionIdAuthenticationStrategy : Changed session id from FEB9DDB3B85DF4F6EF84064D4035539B
2026-04-21T11:40:27.336+05:30 DEBUG 14104 --- [http-nio-8080-exec-2] .s.o.c.w.OAuth2LoginAuthenticationFilter : Set SecurityContextHolder to OAuth2AuthenticationToken [Principal=Name: [112764021448655837810], Granted Authorities: [[OAUTH2_USER, SCOPE_https://www.googleapis.com/auth/userinfo.email, SCOPE_https://www.googleapis.com/auth/userinfo.profile, SCOPE_openid]], User Attributes: [{sub=112764021448655837810, name=Chamika Shashipriya, given_name=Chamika, family_name=Shashipriya, picture=https://lh3.googleusercontent.com/a/ACg8ocLWSUYtGeiqiY1sRzPVNoIZ2eLKnJLHk3eHgq3mr4WN_Vob_iM=s96-c, email=chamikashashipriya3@gmail.com, email_verified=true}], Credentials=[PROTECTED], Authenticated=true, Details=WebAuthenticationDetails [RemoteIpAddress=0:0:0:0:0:0:0:1, SessionId=FEB9DDB3B85DF4F6EF84064D4035539B], Granted Authorities=[OAUTH2_USER, SCOPE_openid, SCOPE_https://www.googleapis.com/auth/userinfo.profile, SCOPE_https://www.googleapis.com/auth/userinfo.email, FactorGrantedAuthority [authority=FACTOR_AUTHORIZATION_CODE, issuedAt=2026-04-21T06:10:27.334274800Z]]]
2026-04-21T11:40:27.859+05:30 DEBUG 14104 --- [http-nio-8080-exec-2] o.s.s.web.DefaultRedirectStrategy        : Redirecting to http://localhost:5173/login/success?token=eyJhbGciOiJIUzI1NiJ9.eyJzdWIiOiJjaGFtaWthc2hhc2hpcHJpeWEzQGdtYWlsLmNvbSIsInJvbGUiOiJST0xFX1VTRVIiLCJpYXQiOjE3NzY3NTE4MjcsImV4cCI6MTc3NjgzODIyN30.l0ELz4pPAkGvRTvyPYzuFCHFY-L1L5V_K70_nNsANc8
2026-04-21T11:40:28.139+05:30 DEBUG 14104 --- [http-nio-8080-exec-5] o.s.security.web.FilterChainProxy        : Securing OPTIONS /api/auth/me
2026-04-21T11:40:28.142+05:30 DEBUG 14104 --- [http-nio-8080-exec-8] o.s.security.web.FilterChainProxy        : Securing OPTIONS /api/auth/me
2026-04-21T11:40:28.142+05:30 DEBUG 14104 --- [http-nio-8080-exec-6] o.s.security.web.FilterChainProxy        : Securing OPTIONS /api/auth/me
2026-04-21T11:40:28.142+05:30 DEBUG 14104 --- [http-nio-8080-exec-4] o.s.security.web.FilterChainProxy        : Securing OPTIONS /api/auth/me
2026-04-21T11:40:28.157+05:30 DEBUG 14104 --- [http-nio-8080-exec-8] o.s.security.web.FilterChainProxy        : Securing GET /api/auth/me
2026-04-21T11:40:28.357+05:30 DEBUG 14104 --- [http-nio-8080-exec-8] o.s.security.web.FilterChainProxy        : Secured GET /api/auth/me
2026-04-21T11:40:28.566+05:30 DEBUG 14104 --- [http-nio-8080-exec-9] o.s.security.web.FilterChainProxy        : Securing GET /api/auth/me
2026-04-21T11:40:28.651+05:30 DEBUG 14104 --- [http-nio-8080-exec-10] o.s.security.web.FilterChainProxy        : Securing OPTIONS /api/notifications/user/69db81ca93f96eaad5d1aca2
2026-04-21T11:40:28.651+05:30 DEBUG 14104 --- [http-nio-8080-exec-3] o.s.security.web.FilterChainProxy        : Securing OPTIONS /api/tickets/user/69db81ca93f96eaad5d1aca2
2026-04-21T11:40:28.656+05:30 DEBUG 14104 --- [http-nio-8080-exec-7] o.s.security.web.FilterChainProxy        : Securing OPTIONS /api/tickets/user/69db81ca93f96eaad5d1aca2
2026-04-21T11:40:28.658+05:30 DEBUG 14104 --- [http-nio-8080-exec-1] o.s.security.web.FilterChainProxy        : Securing GET /ws/info?t=1776751828655
2026-04-21T11:40:28.660+05:30 DEBUG 14104 --- [http-nio-8080-exec-1] o.s.s.w.a.AnonymousAuthenticationFilter  : Set SecurityContextHolder to anonymous SecurityContext
2026-04-21T11:40:28.661+05:30 DEBUG 14104 --- [http-nio-8080-exec-1] s.w.a.DelegatingAuthenticationEntryPoint : Trying to match using And [Not [RequestHeaderRequestMatcher [expectedHeaderName=X-Requested-With, expectedHeaderValue=XMLHttpRequest]], Not [And [Or [PathPattern [/login], PathPattern [/favicon.ico]], And [Not [RequestHeaderRequestMatcher [expectedHeaderName=X-Requested-With, expectedHeaderValue=XMLHttpRequest]], MediaTypeRequestMatcher [contentNegotiationStrategy=org.springframework.web.accept.ContentNegotiationManager@12c0e54c, matchingMediaTypes=[application/xhtml+xml, image/*, text/html, text/plain], useEquals=false, ignoredMediaTypes=[*/*]]]]], org.springframework.security.config.annotation.web.configurers.oauth2.client.OAuth2LoginConfigurer$$Lambda/0x0000000021686fe0@536a8889]
2026-04-21T11:40:28.661+05:30 DEBUG 14104 --- [http-nio-8080-exec-1] s.w.a.DelegatingAuthenticationEntryPoint : Match found! Executing org.springframework.security.web.authentication.LoginUrlAuthenticationEntryPoint@4f4e9739
2026-04-21T11:40:28.661+05:30 DEBUG 14104 --- [http-nio-8080-exec-1] o.s.s.web.DefaultRedirectStrategy        : Redirecting to /oauth2/authorization/google
2026-04-21T11:40:28.662+05:30 DEBUG 14104 --- [http-nio-8080-exec-5] o.s.security.web.FilterChainProxy        : Securing GET /api/notifications/user/69db81ca93f96eaad5d1aca2
2026-04-21T11:40:28.662+05:30 DEBUG 14104 --- [http-nio-8080-exec-2] o.s.security.web.FilterChainProxy        : Securing GET /api/tickets/user/69db81ca93f96eaad5d1aca2
2026-04-21T11:40:28.666+05:30 DEBUG 14104 --- [http-nio-8080-exec-6] o.s.security.web.FilterChainProxy        : Securing GET /oauth2/authorization/google
2026-04-21T11:40:28.668+05:30 DEBUG 14104 --- [http-nio-8080-exec-6] o.s.s.web.DefaultRedirectStrategy        : Redirecting to https://accounts.google.com/o/oauth2/v2/auth?response_type=code&client_id=621059199259-oj63gu75m4co6imi71j04auu6c7ti0ab.apps.googleusercontent.com&scope=profile%20email&state=4ggWKar4jWhvh2dJP16mluPIUUiFXHI_Lvd5zZwJdHY%3D&redirect_uri=http://localhost:8080/login/oauth2/code/google&code_challenge=OASGDFxft2-ZT4SwI0EnDXqfhguyDMm0C-k_Ug70KEU&code_challenge_method=S256
2026-04-21T11:40:28.806+05:30 DEBUG 14104 --- [http-nio-8080-exec-5] o.s.security.web.FilterChainProxy        : Secured GET /api/notifications/user/69db81ca93f96eaad5d1aca2
2026-04-21T11:40:29.482+05:30 DEBUG 14104 --- [http-nio-8080-exec-9] o.s.security.web.FilterChainProxy        : Secured GET /api/auth/me
2026-04-21T11:40:29.625+05:30 DEBUG 14104 --- [http-nio-8080-exec-4] o.s.security.web.FilterChainProxy        : Securing GET /api/auth/me
2026-04-21T11:40:29.633+05:30 DEBUG 14104 --- [http-nio-8080-exec-8] o.s.security.web.FilterChainProxy        : Securing GET /ws/info?t=1776751829636
2026-04-21T11:40:29.633+05:30 DEBUG 14104 --- [http-nio-8080-exec-8] o.s.s.w.a.AnonymousAuthenticationFilter  : Set SecurityContextHolder to anonymous SecurityContext
2026-04-21T11:40:29.633+05:30 DEBUG 14104 --- [http-nio-8080-exec-8] s.w.a.DelegatingAuthenticationEntryPoint : Trying to match using And [Not [RequestHeaderRequestMatcher [expectedHeaderName=X-Requested-With, expectedHeaderValue=XMLHttpRequest]], Not [And [Or [PathPattern [/login], PathPattern [/favicon.ico]], And [Not [RequestHeaderRequestMatcher [expectedHeaderName=X-Requested-With, expectedHeaderValue=XMLHttpRequest]], MediaTypeRequestMatcher [contentNegotiationStrategy=org.springframework.web.accept.ContentNegotiationManager@12c0e54c, matchingMediaTypes=[application/xhtml+xml, image/*, text/html, text/plain], useEquals=false, ignoredMediaTypes=[*/*]]]]], org.springframework.security.config.annotation.web.configurers.oauth2.client.OAuth2LoginConfigurer$$Lambda/0x0000000021686fe0@536a8889]
2026-04-21T11:40:29.641+05:30 DEBUG 14104 --- [http-nio-8080-exec-8] s.w.a.DelegatingAuthenticationEntryPoint : Match found! Executing org.springframework.security.web.authentication.LoginUrlAuthenticationEntryPoint@4f4e9739
2026-04-21T11:40:29.641+05:30 DEBUG 14104 --- [http-nio-8080-exec-8] o.s.s.web.DefaultRedirectStrategy        : Redirecting to /oauth2/authorization/google
2026-04-21T11:40:29.648+05:30 DEBUG 14104 --- [http-nio-8080-exec-7] o.s.security.web.FilterChainProxy        : Securing GET /oauth2/authorization/google
2026-04-21T11:40:29.652+05:30 DEBUG 14104 --- [http-nio-8080-exec-7] o.s.s.web.DefaultRedirectStrategy        : Redirecting to https://accounts.google.com/o/oauth2/v2/auth?response_type=code&client_id=621059199259-oj63gu75m4co6imi71j04auu6c7ti0ab.apps.googleusercontent.com&scope=profile%20email&state=Prta-eMBkLbyF1WkajNJvE1OuJWBwyR61iRMw6UZMYM%3D&redirect_uri=http://localhost:8080/login/oauth2/code/google&code_challenge=VmQEbkRMbXK1xHNfoEVT5Iz6b5WrGkN1EU1Roz_LTFw&code_challenge_method=S256
2026-04-21T11:40:30.311+05:30 DEBUG 14104 --- [http-nio-8080-exec-2] o.s.security.web.FilterChainProxy        : Secured GET /api/tickets/user/69db81ca93f96eaad5d1aca2
2026-04-21T11:40:30.451+05:30 DEBUG 14104 --- [http-nio-8080-exec-4] o.s.security.web.FilterChainProxy        : Secured GET /api/auth/me
2026-04-21T11:40:31.291+05:30 DEBUG 14104 --- [http-nio-8080-exec-3] o.s.security.web.FilterChainProxy        : Securing GET /api/auth/me
2026-04-21T11:40:31.311+05:30 DEBUG 14104 --- [http-nio-8080-exec-10] o.s.security.web.FilterChainProxy        : Securing GET /ws/info?t=1776751831309
2026-04-21T11:40:31.316+05:30 DEBUG 14104 --- [http-nio-8080-exec-10] o.s.s.w.a.AnonymousAuthenticationFilter  : Set SecurityContextHolder to anonymous SecurityContext
2026-04-21T11:40:31.317+05:30 DEBUG 14104 --- [http-nio-8080-exec-10] s.w.a.DelegatingAuthenticationEntryPoint : Trying to match using And [Not [RequestHeaderRequestMatcher [expectedHeaderName=X-Requested-With, expectedHeaderValue=XMLHttpRequest]], Not [And [Or [PathPattern [/login], PathPattern [/favicon.ico]], And [Not [RequestHeaderRequestMatcher [expectedHeaderName=X-Requested-With, expectedHeaderValue=XMLHttpRequest]], MediaTypeRequestMatcher [contentNegotiationStrategy=org.springframework.web.accept.ContentNegotiationManager@12c0e54c, matchingMediaTypes=[application/xhtml+xml, image/*, text/html, text/plain], useEquals=false, ignoredMediaTypes=[*/*]]]]], org.springframework.security.config.annotation.web.configurers.oauth2.client.OAuth2LoginConfigurer$$Lambda/0x0000000021686fe0@536a8889]
2026-04-21T11:40:31.317+05:30 DEBUG 14104 --- [http-nio-8080-exec-10] s.w.a.DelegatingAuthenticationEntryPoint : Match found! Executing org.springframework.security.web.authentication.LoginUrlAuthenticationEntryPoint@4f4e9739
2026-04-21T11:40:31.317+05:30 DEBUG 14104 --- [http-nio-8080-exec-10] o.s.s.web.DefaultRedirectStrategy        : Redirecting to /oauth2/authorization/google
2026-04-21T11:40:31.324+05:30 DEBUG 14104 --- [http-nio-8080-exec-1] o.s.security.web.FilterChainProxy        : Securing GET /oauth2/authorization/google
2026-04-21T11:40:31.324+05:30 DEBUG 14104 --- [http-nio-8080-exec-1] o.s.s.web.DefaultRedirectStrategy        : Redirecting to https://accounts.google.com/o/oauth2/v2/auth?response_type=code&client_id=621059199259-oj63gu75m4co6imi71j04auu6c7ti0ab.apps.googleusercontent.com&scope=profile%20email&state=OeX_d67PZo1qwtLkUvh_LDmM6DdRx5SGAh15lQhd7pk%3D&redirect_uri=http://localhost:8080/login/oauth2/code/google&code_challenge=Z9w1VKw0YOKOK4fIVtNrabEX0Ws-3XTrsJvZcaK6b3k&code_challenge_method=S256
2026-04-21T11:40:31.441+05:30 DEBUG 14104 --- [http-nio-8080-exec-3] o.s.security.web.FilterChainProxy        : Secured GET /api/auth/me
2026-04-21T11:40:32.370+05:30 DEBUG 14104 --- [http-nio-8080-exec-6] o.s.security.web.FilterChainProxy        : Securing GET /ws/info?t=1776751832369
2026-04-21T11:40:32.374+05:30 DEBUG 14104 --- [http-nio-8080-exec-6] o.s.s.w.a.AnonymousAuthenticationFilter  : Set SecurityContextHolder to anonymous SecurityContext
2026-04-21T11:40:32.374+05:30 DEBUG 14104 --- [http-nio-8080-exec-6] s.w.a.DelegatingAuthenticationEntryPoint : Trying to match using And [Not [RequestHeaderRequestMatcher [expectedHeaderName=X-Requested-With, expectedHeaderValue=XMLHttpRequest]], Not [And [Or [PathPattern [/login], PathPattern [/favicon.ico]], And [Not [RequestHeaderRequestMatcher [expectedHeaderName=X-Requested-With, expectedHeaderValue=XMLHttpRequest]], MediaTypeRequestMatcher [contentNegotiationStrategy=org.springframework.web.accept.ContentNegotiationManager@12c0e54c, matchingMediaTypes=[application/xhtml+xml, image/*, text/html, text/plain], useEquals=false, ignoredMediaTypes=[*/*]]]]], org.springframework.security.config.annotation.web.configurers.oauth2.client.OAuth2LoginConfigurer$$Lambda/0x0000000021686fe0@536a8889]
2026-04-21T11:40:32.374+05:30 DEBUG 14104 --- [http-nio-8080-exec-6] s.w.a.DelegatingAuthenticationEntryPoint : Match found! Executing org.springframework.security.web.authentication.LoginUrlAuthenticationEntryPoint@4f4e9739
2026-04-21T11:40:32.374+05:30 DEBUG 14104 --- [http-nio-8080-exec-6] o.s.s.web.DefaultRedirectStrategy        : Redirecting to /oauth2/authorization/google
2026-04-21T11:40:32.378+05:30 DEBUG 14104 --- [http-nio-8080-exec-9] o.s.security.web.FilterChainProxy        : Securing GET /oauth2/authorization/google
2026-04-21T11:40:32.378+05:30 DEBUG 14104 --- [http-nio-8080-exec-9] o.s.s.web.DefaultRedirectStrategy        : Redirecting to https://accounts.google.com/o/oauth2/v2/auth?response_type=code&client_id=621059199259-oj63gu75m4co6imi71j04auu6c7ti0ab.apps.googleusercontent.com&scope=profile%20email&state=QdIxRv6_DDHCyOBqt1Nm-1nQjgtqkbEbzam2bC2vbtw%3D&redirect_uri=http://localhost:8080/login/oauth2/code/google&code_challenge=lagXUAOGlaFHf99VF63PhIvzBn2PF_ZFaqRmGKJac44&code_challenge_method=S256
2026-04-21T11:40:34.162+05:30 DEBUG 14104 --- [http-nio-8080-exec-8] o.s.security.web.FilterChainProxy        : Securing GET /api/notifications/user/69db81ca93f96eaad5d1aca2
2026-04-21T11:40:34.530+05:30 DEBUG 14104 --- [http-nio-8080-exec-8] o.s.security.web.FilterChainProxy        : Secured GET /api/notifications/user/69db81ca93f96eaad5d1aca2
2026-04-21T11:40:38.141+05:30  INFO 14104 --- [MessageBroker-1] o.s.w.s.c.WebSocketMessageBrokerStats    : WebSocketSession[0 current WS(0)-HttpStream(0)-HttpPoll(0), 0 total, 0 closed abnormally (0 connect failure, 0 send limit, 0 transport error)], stompSubProtocol[processed CONNECT(0)-CONNECTED(0)-DISCONNECT(0)], stompBrokerRelay[null], inboundChannel[pool size = 0, active threads = 0, queued tasks = 0, completed tasks = 0], outboundChannel[pool size = 0, active threads = 0, queued tasks = 0, completed tasks = 0], sockJsScheduler[pool size = 1, active threads = 1, queued tasks = 0, completed tasks = 0]
2026-04-21T11:40:38.604+05:30 DEBUG 14104 --- [http-nio-8080-exec-7] o.s.security.web.FilterChainProxy        : Securing GET /api/notifications/user/69db81ca93f96eaad5d1aca2
2026-04-21T11:40:38.749+05:30 DEBUG 14104 --- [http-nio-8080-exec-7] o.s.security.web.FilterChainProxy        : Secured GET /api/notifications/user/69db81ca93f96eaad5d1aca2
2026-04-21T11:40:42.201+05:30 DEBUG 14104 --- [http-nio-8080-exec-7] o.s.security.web.FilterChainProxy        : Securing GET /api/notifications/user/69db81ca93f96eaad5d1aca2
2026-04-21T11:40:42.355+05:30 DEBUG 14104 --- [http-nio-8080-exec-7] o.s.security.web.FilterChainProxy        : Secured GET /api/notifications/user/69db81ca93f96eaad5d1aca2
2026-04-21T11:40:43.137+05:30 DEBUG 14104 --- [http-nio-8080-exec-4] o.s.security.web.FilterChainProxy        : Securing OPTIONS /api/notifications/user/69db81ca93f96eaad5d1aca2
2026-04-21T11:40:44.789+05:30 DEBUG 14104 --- [http-nio-8080-exec-1] o.s.security.web.FilterChainProxy        : Securing OPTIONS /api/auth/me
2026-04-21T11:40:44.789+05:30 DEBUG 14104 --- [http-nio-8080-exec-10] o.s.security.web.FilterChainProxy        : Securing OPTIONS /api/auth/me
2026-04-21T11:40:44.795+05:30 DEBUG 14104 --- [http-nio-8080-exec-3] o.s.security.web.FilterChainProxy        : Securing GET /api/auth/me
2026-04-21T11:40:44.802+05:30 DEBUG 14104 --- [http-nio-8080-exec-3] o.s.s.w.a.AnonymousAuthenticationFilter  : Set SecurityContextHolder to anonymous SecurityContext
2026-04-21T11:40:44.803+05:30 DEBUG 14104 --- [http-nio-8080-exec-3] s.w.a.DelegatingAuthenticationEntryPoint : Trying to match using And [Not [RequestHeaderRequestMatcher [expectedHeaderName=X-Requested-With, expectedHeaderValue=XMLHttpRequest]], Not [And [Or [PathPattern [/login], PathPattern [/favicon.ico]], And [Not [RequestHeaderRequestMatcher [expectedHeaderName=X-Requested-With, expectedHeaderValue=XMLHttpRequest]], MediaTypeRequestMatcher [contentNegotiationStrategy=org.springframework.web.accept.ContentNegotiationManager@12c0e54c, matchingMediaTypes=[application/xhtml+xml, image/*, text/html, text/plain], useEquals=false, ignoredMediaTypes=[*/*]]]]], org.springframework.security.config.annotation.web.configurers.oauth2.client.OAuth2LoginConfigurer$$Lambda/0x0000000021686fe0@536a8889]
2026-04-21T11:40:44.803+05:30 DEBUG 14104 --- [http-nio-8080-exec-3] s.w.a.DelegatingAuthenticationEntryPoint : Match found! Executing org.springframework.security.web.authentication.LoginUrlAuthenticationEntryPoint@4f4e9739
2026-04-21T11:40:44.803+05:30 DEBUG 14104 --- [http-nio-8080-exec-3] o.s.s.web.DefaultRedirectStrategy        : Redirecting to /oauth2/authorization/google
2026-04-21T11:40:44.808+05:30 DEBUG 14104 --- [http-nio-8080-exec-6] o.s.security.web.FilterChainProxy        : Securing GET /api/auth/me
2026-04-21T11:40:44.810+05:30 DEBUG 14104 --- [http-nio-8080-exec-9] o.s.security.web.FilterChainProxy        : Securing OPTIONS /oauth2/authorization/google
2026-04-21T11:40:44.815+05:30 DEBUG 14104 --- [http-nio-8080-exec-5] o.s.security.web.FilterChainProxy        : Securing GET /oauth2/authorization/google
2026-04-21T11:40:44.817+05:30 DEBUG 14104 --- [http-nio-8080-exec-6] o.s.s.w.a.AnonymousAuthenticationFilter  : Set SecurityContextHolder to anonymous SecurityContext
2026-04-21T11:40:44.817+05:30 DEBUG 14104 --- [http-nio-8080-exec-5] o.s.s.web.DefaultRedirectStrategy        : Redirecting to https://accounts.google.com/o/oauth2/v2/auth?response_type=code&client_id=621059199259-oj63gu75m4co6imi71j04auu6c7ti0ab.apps.googleusercontent.com&scope=profile%20email&state=SaquRl3a6MpUwCVNp-p7mE6mCUdHniE-jkEQfaLWByU%3D&redirect_uri=http://localhost:8080/login/oauth2/code/google&code_challenge=-qdxQG2H6b_WDaDSIKWC8EhD5AaY8uJmHmWwGClx26w&code_challenge_method=S256
2026-04-21T11:40:44.817+05:30 DEBUG 14104 --- [http-nio-8080-exec-6] s.w.a.DelegatingAuthenticationEntryPoint : Trying to match using And [Not [RequestHeaderRequestMatcher [expectedHeaderName=X-Requested-With, expectedHeaderValue=XMLHttpRequest]], Not [And [Or [PathPattern [/login], PathPattern [/favicon.ico]], And [Not [RequestHeaderRequestMatcher [expectedHeaderName=X-Requested-With, expectedHeaderValue=XMLHttpRequest]], MediaTypeRequestMatcher [contentNegotiationStrategy=org.springframework.web.accept.ContentNegotiationManager@12c0e54c, matchingMediaTypes=[application/xhtml+xml, image/*, text/html, text/plain], useEquals=false, ignoredMediaTypes=[*/*]]]]], org.springframework.security.config.annotation.web.configurers.oauth2.client.OAuth2LoginConfigurer$$Lambda/0x0000000021686fe0@536a8889]
2026-04-21T11:40:44.819+05:30 DEBUG 14104 --- [http-nio-8080-exec-6] s.w.a.DelegatingAuthenticationEntryPoint : Match found! Executing org.springframework.security.web.authentication.LoginUrlAuthenticationEntryPoint@4f4e9739
2026-04-21T11:40:44.820+05:30 DEBUG 14104 --- [http-nio-8080-exec-6] o.s.s.web.DefaultRedirectStrategy        : Redirecting to /oauth2/authorization/google
2026-04-21T11:40:44.825+05:30 DEBUG 14104 --- [http-nio-8080-exec-8] o.s.security.web.FilterChainProxy        : Securing GET /oauth2/authorization/google
2026-04-21T11:40:44.829+05:30 DEBUG 14104 --- [http-nio-8080-exec-8] o.s.s.web.DefaultRedirectStrategy        : Redirecting to https://accounts.google.com/o/oauth2/v2/auth?response_type=code&client_id=621059199259-oj63gu75m4co6imi71j04auu6c7ti0ab.apps.googleusercontent.com&scope=profile%20email&state=Krd7NmdRteop18Cbok8jRDVoAqdXea5gQZb5TsMFKN0%3D&redirect_uri=http://localhost:8080/login/oauth2/code/google&code_challenge=98iTUBybxQzni89CkKA0o0rJtfAm7QRPcXFwISecnGc&code_challenge_method=S256
2026-04-21T11:40:48.096+05:30 DEBUG 14104 --- [http-nio-8080-exec-4] o.s.security.web.FilterChainProxy        : Securing GET /oauth2/authorization/google
2026-04-21T11:40:48.102+05:30 DEBUG 14104 --- [http-nio-8080-exec-4] o.s.s.web.DefaultRedirectStrategy        : Redirecting to https://accounts.google.com/o/oauth2/v2/auth?response_type=code&client_id=621059199259-oj63gu75m4co6imi71j04auu6c7ti0ab.apps.googleusercontent.com&scope=profile%20email&state=TgXK6SvHRTBJTpW71bkSevyP6FO5Ofi4elgTteL9zVo%3D&redirect_uri=http://localhost:8080/login/oauth2/code/google&code_challenge=QIbDrYQU5v9btLE_CXIa-b83zfaYqCe0GjuIQwfP2w4&code_challenge_method=S256
2026-04-21T11:40:48.672+05:30 DEBUG 14104 --- [http-nio-8080-exec-10] o.s.security.web.FilterChainProxy        : Securing GET /api/tickets/user/69db81ca93f96eaad5d1aca2
2026-04-21T11:40:48.873+05:30 DEBUG 14104 --- [http-nio-8080-exec-10] o.s.security.web.FilterChainProxy        : Secured GET /api/tickets/user/69db81ca93f96eaad5d1aca2
2026-04-21T11:40:49.640+05:30 DEBUG 14104 --- [http-nio-8080-exec-1] o.s.security.web.FilterChainProxy        : Securing GET /api/tickets/user/69db81ca93f96eaad5d1aca2
2026-04-21T11:40:51.318+05:30 DEBUG 14104 --- [http-nio-8080-exec-3] o.s.security.web.FilterChainProxy        : Securing GET /api/tickets/user/69db81ca93f96eaad5d1aca2
2026-04-21T11:40:52.383+05:30 DEBUG 14104 --- [http-nio-8080-exec-9] o.s.security.web.FilterChainProxy        : Securing GET /api/tickets/user/69db81ca93f96eaad5d1aca2
2026-04-21T11:40:52.741+05:30 DEBUG 14104 --- [http-nio-8080-exec-5] o.s.security.web.FilterChainProxy        : Securing GET /api/notifications/user/69db81ca93f96eaad5d1aca2
2026-04-21T11:40:54.979+05:30 DEBUG 14104 --- [http-nio-8080-exec-9] o.s.security.web.FilterChainProxy        : Secured GET /api/tickets/user/69db81ca93f96eaad5d1aca2
2026-04-21T11:40:58.394+05:30 DEBUG 14104 --- [http-nio-8080-exec-5] o.s.security.web.FilterChainProxy        : Secured GET /api/notifications/user/69db81ca93f96eaad5d1aca2
2026-04-21T11:40:59.079+05:30 DEBUG 14104 --- [http-nio-8080-exec-1] o.s.security.web.FilterChainProxy        : Secured GET /api/tickets/user/69db81ca93f96eaad5d1aca2
2026-04-21T11:40:59.593+05:30 DEBUG 14104 --- [http-nio-8080-exec-3] o.s.security.web.FilterChainProxy        : Secured GET /api/tickets/user/69db81ca93f96eaad5d1aca2
2026-04-21T11:41:04.047+05:30 DEBUG 14104 --- [http-nio-8080-exec-8] o.s.security.web.FilterChainProxy        : Securing GET /login/oauth2/code/google?state=TgXK6SvHRTBJTpW71bkSevyP6FO5Ofi4elgTteL9zVo%3D&iss=https%3A%2F%2Faccounts.google.com&code=4%2F0Aci98E_tH565hHE9YBBAzom1nv9XeQbuSbMvLvEkcWS8UPg__1i_Z5KNYbOIovfPTG_Ebg&scope=email+profile+https%3A%2F%2Fwww.googleapis.com%2Fauth%2Fuserinfo.profile+openid+https%3A%2F%2Fwww.googleapis.com%2Fauth%2Fuserinfo.email&authuser=0&prompt=none
2026-04-21T11:41:04.781+05:30 DEBUG 14104 --- [http-nio-8080-exec-4] o.s.security.web.FilterChainProxy        : Securing OPTIONS /api/notifications/user/69db81ca93f96eaad5d1aca2
2026-04-21T11:41:04.785+05:30 DEBUG 14104 --- [http-nio-8080-exec-7] o.s.security.web.FilterChainProxy        : Securing OPTIONS /api/notifications/user/69db81ca93f96eaad5d1aca2
2026-04-21T11:41:04.791+05:30 DEBUG 14104 --- [http-nio-8080-exec-6] o.s.security.web.FilterChainProxy        : Securing GET /api/notifications/user/69db81ca93f96eaad5d1aca2
2026-04-21T11:41:04.990+05:30 DEBUG 14104 --- [http-nio-8080-exec-6] o.s.security.web.FilterChainProxy        : Secured GET /api/notifications/user/69db81ca93f96eaad5d1aca2
2026-04-21T11:41:05.325+05:30 DEBUG 14104 --- [http-nio-8080-exec-8] .s.ChangeSessionIdAuthenticationStrategy : Changed session id from F50F48E7A960500998D35910DAFE01F2
2026-04-21T11:41:05.325+05:30 DEBUG 14104 --- [http-nio-8080-exec-8] .s.o.c.w.OAuth2LoginAuthenticationFilter : Set SecurityContextHolder to OAuth2AuthenticationToken [Principal=Name: [108383210511180983946], Granted Authorities: [[OAUTH2_USER, SCOPE_https://www.googleapis.com/auth/userinfo.email, SCOPE_https://www.googleapis.com/auth/userinfo.profile, SCOPE_openid]], User Attributes: [{sub=108383210511180983946, name=Chamika Shashipriya, given_name=Chamika, family_name=Shashipriya, picture=https://lh3.googleusercontent.com/a/ACg8ocLws61N6Pu5OwXCIV_4ZqSbKwqH0qE81msfTv9UHaJR3a3Ag8Ug=s96-c, email=chamisasi1999@gmail.com, email_verified=true}], Credentials=[PROTECTED], Authenticated=true, Details=WebAuthenticationDetails [RemoteIpAddress=0:0:0:0:0:0:0:1, SessionId=F50F48E7A960500998D35910DAFE01F2], Granted Authorities=[OAUTH2_USER, SCOPE_openid, SCOPE_https://www.googleapis.com/auth/userinfo.profile, SCOPE_https://www.googleapis.com/auth/userinfo.email, FactorGrantedAuthority [authority=FACTOR_AUTHORIZATION_CODE, issuedAt=2026-04-21T06:11:05.324578300Z]]]
2026-04-21T11:41:11.403+05:30 DEBUG 14104 --- [http-nio-8080-exec-8] o.s.s.web.DefaultRedirectStrategy        : Redirecting to http://localhost:5173/login/success?token=eyJhbGciOiJIUzI1NiJ9.eyJzdWIiOiJjaGFtaXNhc2kxOTk5QGdtYWlsLmNvbSIsInJvbGUiOiJST0xFX1VTRVIiLCJpYXQiOjE3NzY3NTE4NzEsImV4cCI6MTc3NjgzODI3MX0.EwMHI2NmCufD_GNM5YGzf-AZWb3yadPxU8kAEf74y7o
2026-04-21T11:41:11.719+05:30 DEBUG 14104 --- [http-nio-8080-exec-7] o.s.security.web.FilterChainProxy        : Securing OPTIONS /api/auth/me
2026-04-21T11:41:11.718+05:30 DEBUG 14104 --- [http-nio-8080-exec-5] o.s.security.web.FilterChainProxy        : Securing OPTIONS /api/auth/me
2026-04-21T11:41:11.721+05:30 DEBUG 14104 --- [http-nio-8080-exec-8] o.s.security.web.FilterChainProxy        : Securing OPTIONS /api/auth/me
2026-04-21T11:41:11.719+05:30 DEBUG 14104 --- [http-nio-8080-exec-4] o.s.security.web.FilterChainProxy        : Securing OPTIONS /api/auth/me
2026-04-21T11:41:11.731+05:30 DEBUG 14104 --- [http-nio-8080-exec-5] o.s.security.web.FilterChainProxy        : Securing GET /api/auth/me
2026-04-21T11:41:12.239+05:30 DEBUG 14104 --- [http-nio-8080-exec-7] o.s.security.web.FilterChainProxy        : Securing GET /api/notifications/user/69db81ca93f96eaad5d1aca2
2026-04-21T11:41:12.379+05:30 DEBUG 14104 --- [http-nio-8080-exec-5] o.s.security.web.FilterChainProxy        : Secured GET /api/auth/me
2026-04-21T11:41:12.449+05:30 DEBUG 14104 --- [http-nio-8080-exec-7] o.s.security.web.FilterChainProxy        : Secured GET /api/notifications/user/69db81ca93f96eaad5d1aca2
2026-04-21T11:41:12.623+05:30 DEBUG 14104 --- [http-nio-8080-exec-8] o.s.security.web.FilterChainProxy        : Securing GET /api/auth/me
2026-04-21T11:41:12.705+05:30 DEBUG 14104 --- [http-nio-8080-exec-4] o.s.security.web.FilterChainProxy        : Securing OPTIONS /api/notifications/user/69e714ff25bc714421ce31f9
2026-04-21T11:41:12.705+05:30 DEBUG 14104 --- [http-nio-8080-exec-6] o.s.security.web.FilterChainProxy        : Securing OPTIONS /api/tickets/user/69e714ff25bc714421ce31f9
2026-04-21T11:41:12.707+05:30 DEBUG 14104 --- [http-nio-8080-exec-5] o.s.security.web.FilterChainProxy        : Securing OPTIONS /api/tickets/user/69e714ff25bc714421ce31f9
2026-04-21T11:41:12.712+05:30 DEBUG 14104 --- [http-nio-8080-exec-6] o.s.security.web.FilterChainProxy        : Securing GET /api/notifications/user/69e714ff25bc714421ce31f9
2026-04-21T11:41:12.712+05:30 DEBUG 14104 --- [http-nio-8080-exec-4] o.s.security.web.FilterChainProxy        : Securing GET /api/tickets/user/69e714ff25bc714421ce31f9
2026-04-21T11:41:12.712+05:30 DEBUG 14104 --- [http-nio-8080-exec-5] o.s.security.web.FilterChainProxy        : Securing GET /ws/info?t=1776751872706
2026-04-21T11:41:12.714+05:30 DEBUG 14104 --- [http-nio-8080-exec-5] o.s.s.w.a.AnonymousAuthenticationFilter  : Set SecurityContextHolder to anonymous SecurityContext
2026-04-21T11:41:12.714+05:30 DEBUG 14104 --- [http-nio-8080-exec-5] s.w.a.DelegatingAuthenticationEntryPoint : Trying to match using And [Not [RequestHeaderRequestMatcher [expectedHeaderName=X-Requested-With, expectedHeaderValue=XMLHttpRequest]], Not [And [Or [PathPattern [/login], PathPattern [/favicon.ico]], And [Not [RequestHeaderRequestMatcher [expectedHeaderName=X-Requested-With, expectedHeaderValue=XMLHttpRequest]], MediaTypeRequestMatcher [contentNegotiationStrategy=org.springframework.web.accept.ContentNegotiationManager@12c0e54c, matchingMediaTypes=[application/xhtml+xml, image/*, text/html, text/plain], useEquals=false, ignoredMediaTypes=[*/*]]]]], org.springframework.security.config.annotation.web.configurers.oauth2.client.OAuth2LoginConfigurer$$Lambda/0x0000000021686fe0@536a8889]
2026-04-21T11:41:12.716+05:30 DEBUG 14104 --- [http-nio-8080-exec-5] s.w.a.DelegatingAuthenticationEntryPoint : Match found! Executing org.springframework.security.web.authentication.LoginUrlAuthenticationEntryPoint@4f4e9739
2026-04-21T11:41:12.716+05:30 DEBUG 14104 --- [http-nio-8080-exec-5] o.s.s.web.DefaultRedirectStrategy        : Redirecting to /oauth2/authorization/google
2026-04-21T11:41:12.723+05:30 DEBUG 14104 --- [http-nio-8080-exec-5] o.s.security.web.FilterChainProxy        : Securing GET /oauth2/authorization/google
2026-04-21T11:41:12.726+05:30 DEBUG 14104 --- [http-nio-8080-exec-5] o.s.s.web.DefaultRedirectStrategy        : Redirecting to https://accounts.google.com/o/oauth2/v2/auth?response_type=code&client_id=621059199259-oj63gu75m4co6imi71j04auu6c7ti0ab.apps.googleusercontent.com&scope=profile%20email&state=Naelun-YGBOxKDqOyJfKxcb52X6iXQpG4GyAgZrYuP0%3D&redirect_uri=http://localhost:8080/login/oauth2/code/google&code_challenge=MrLoLiGX_JUSMaRdESzz2Lmw-yopvGgqy9jgA1thNP8&code_challenge_method=S256
2026-04-21T11:41:12.981+05:30 DEBUG 14104 --- [http-nio-8080-exec-8] o.s.security.web.FilterChainProxy        : Secured GET /api/auth/me
2026-04-21T11:41:14.387+05:30 DEBUG 14104 --- [http-nio-8080-exec-5] o.s.security.web.FilterChainProxy        : Securing GET /api/auth/me
2026-04-21T11:41:14.429+05:30 DEBUG 14104 --- [http-nio-8080-exec-8] o.s.security.web.FilterChainProxy        : Securing GET /ws/info?t=1776751874419
2026-04-21T11:41:14.432+05:30 DEBUG 14104 --- [http-nio-8080-exec-8] o.s.s.w.a.AnonymousAuthenticationFilter  : Set SecurityContextHolder to anonymous SecurityContext
2026-04-21T11:41:14.434+05:30 DEBUG 14104 --- [http-nio-8080-exec-8] s.w.a.DelegatingAuthenticationEntryPoint : Trying to match using And [Not [RequestHeaderRequestMatcher [expectedHeaderName=X-Requested-With, expectedHeaderValue=XMLHttpRequest]], Not [And [Or [PathPattern [/login], PathPattern [/favicon.ico]], And [Not [RequestHeaderRequestMatcher [expectedHeaderName=X-Requested-With, expectedHeaderValue=XMLHttpRequest]], MediaTypeRequestMatcher [contentNegotiationStrategy=org.springframework.web.accept.ContentNegotiationManager@12c0e54c, matchingMediaTypes=[application/xhtml+xml, image/*, text/html, text/plain], useEquals=false, ignoredMediaTypes=[*/*]]]]], org.springframework.security.config.annotation.web.configurers.oauth2.client.OAuth2LoginConfigurer$$Lambda/0x0000000021686fe0@536a8889]
2026-04-21T11:41:14.436+05:30 DEBUG 14104 --- [http-nio-8080-exec-8] s.w.a.DelegatingAuthenticationEntryPoint : Match found! Executing org.springframework.security.web.authentication.LoginUrlAuthenticationEntryPoint@4f4e9739
2026-04-21T11:41:14.436+05:30 DEBUG 14104 --- [http-nio-8080-exec-8] o.s.s.web.DefaultRedirectStrategy        : Redirecting to /oauth2/authorization/google
2026-04-21T11:41:14.443+05:30 DEBUG 14104 --- [http-nio-8080-exec-8] o.s.security.web.FilterChainProxy        : Securing GET /oauth2/authorization/google
2026-04-21T11:41:14.448+05:30 DEBUG 14104 --- [http-nio-8080-exec-8] o.s.s.web.DefaultRedirectStrategy        : Redirecting to https://accounts.google.com/o/oauth2/v2/auth?response_type=code&client_id=621059199259-oj63gu75m4co6imi71j04auu6c7ti0ab.apps.googleusercontent.com&scope=profile%20email&state=9CX-azaJQFjg_E3hvewhw_XfotzBssU1YwGcxzGRC3U%3D&redirect_uri=http://localhost:8080/login/oauth2/code/google&code_challenge=JDPYs5zn4UWxpyaFOE-fSFMBqWhoJ2XimLuT8_pC-YU&code_challenge_method=S256
2026-04-21T11:41:14.737+05:30 DEBUG 14104 --- [http-nio-8080-exec-5] o.s.security.web.FilterChainProxy        : Secured GET /api/auth/me
2026-04-21T11:41:15.044+05:30 DEBUG 14104 --- [http-nio-8080-exec-8] o.s.security.web.FilterChainProxy        : Securing GET /api/auth/me
2026-04-21T11:41:15.056+05:30 DEBUG 14104 --- [http-nio-8080-exec-5] o.s.security.web.FilterChainProxy        : Securing GET /ws/info?t=1776751875058
2026-04-21T11:41:15.056+05:30 DEBUG 14104 --- [http-nio-8080-exec-5] o.s.s.w.a.AnonymousAuthenticationFilter  : Set SecurityContextHolder to anonymous SecurityContext
2026-04-21T11:41:15.062+05:30 DEBUG 14104 --- [http-nio-8080-exec-5] s.w.a.DelegatingAuthenticationEntryPoint : Trying to match using And [Not [RequestHeaderRequestMatcher [expectedHeaderName=X-Requested-With, expectedHeaderValue=XMLHttpRequest]], Not [And [Or [PathPattern [/login], PathPattern [/favicon.ico]], And [Not [RequestHeaderRequestMatcher [expectedHeaderName=X-Requested-With, expectedHeaderValue=XMLHttpRequest]], MediaTypeRequestMatcher [contentNegotiationStrategy=org.springframework.web.accept.ContentNegotiationManager@12c0e54c, matchingMediaTypes=[application/xhtml+xml, image/*, text/html, text/plain], useEquals=false, ignoredMediaTypes=[*/*]]]]], org.springframework.security.config.annotation.web.configurers.oauth2.client.OAuth2LoginConfigurer$$Lambda/0x0000000021686fe0@536a8889]
2026-04-21T11:41:15.062+05:30 DEBUG 14104 --- [http-nio-8080-exec-5] s.w.a.DelegatingAuthenticationEntryPoint : Match found! Executing org.springframework.security.web.authentication.LoginUrlAuthenticationEntryPoint@4f4e9739
2026-04-21T11:41:15.062+05:30 DEBUG 14104 --- [http-nio-8080-exec-5] o.s.s.web.DefaultRedirectStrategy        : Redirecting to /oauth2/authorization/google
2026-04-21T11:41:15.066+05:30 DEBUG 14104 --- [http-nio-8080-exec-5] o.s.security.web.FilterChainProxy        : Securing GET /oauth2/authorization/google
2026-04-21T11:41:15.068+05:30 DEBUG 14104 --- [http-nio-8080-exec-5] o.s.s.web.DefaultRedirectStrategy        : Redirecting to https://accounts.google.com/o/oauth2/v2/auth?response_type=code&client_id=621059199259-oj63gu75m4co6imi71j04auu6c7ti0ab.apps.googleusercontent.com&scope=profile%20email&state=InSSd6GlBFsYfoh85wn9ooJGW_H1-5xuY9y1QtYecII%3D&redirect_uri=http://localhost:8080/login/oauth2/code/google&code_challenge=lG6GndMUj3PjBqxijROLdi4UMzVkb3jMyr6uMzWydso&code_challenge_method=S256
2026-04-21T11:41:15.841+05:30 DEBUG 14104 --- [http-nio-8080-exec-8] o.s.security.web.FilterChainProxy        : Secured GET /api/auth/me
2026-04-21T11:41:16.166+05:30 DEBUG 14104 --- [http-nio-8080-exec-6] o.s.security.web.FilterChainProxy        : Secured GET /api/notifications/user/69e714ff25bc714421ce31f9
2026-04-21T11:41:16.186+05:30 DEBUG 14104 --- [http-nio-8080-exec-5] o.s.security.web.FilterChainProxy        : Securing GET /ws/info?t=1776751876182
2026-04-21T11:41:16.189+05:30 DEBUG 14104 --- [http-nio-8080-exec-5] o.s.s.w.a.AnonymousAuthenticationFilter  : Set SecurityContextHolder to anonymous SecurityContext
2026-04-21T11:41:16.190+05:30 DEBUG 14104 --- [http-nio-8080-exec-5] s.w.a.DelegatingAuthenticationEntryPoint : Trying to match using And [Not [RequestHeaderRequestMatcher [expectedHeaderName=X-Requested-With, expectedHeaderValue=XMLHttpRequest]], Not [And [Or [PathPattern [/login], PathPattern [/favicon.ico]], And [Not [RequestHeaderRequestMatcher [expectedHeaderName=X-Requested-With, expectedHeaderValue=XMLHttpRequest]], MediaTypeRequestMatcher [contentNegotiationStrategy=org.springframework.web.accept.ContentNegotiationManager@12c0e54c, matchingMediaTypes=[application/xhtml+xml, image/*, text/html, text/plain], useEquals=false, ignoredMediaTypes=[*/*]]]]], org.springframework.security.config.annotation.web.configurers.oauth2.client.OAuth2LoginConfigurer$$Lambda/0x0000000021686fe0@536a8889]
2026-04-21T11:41:16.190+05:30 DEBUG 14104 --- [http-nio-8080-exec-5] s.w.a.DelegatingAuthenticationEntryPoint : Match found! Executing org.springframework.security.web.authentication.LoginUrlAuthenticationEntryPoint@4f4e9739
2026-04-21T11:41:16.191+05:30 DEBUG 14104 --- [http-nio-8080-exec-5] o.s.s.web.DefaultRedirectStrategy        : Redirecting to /oauth2/authorization/google
2026-04-21T11:41:16.193+05:30 DEBUG 14104 --- [http-nio-8080-exec-8] o.s.security.web.FilterChainProxy        : Securing GET /oauth2/authorization/google
2026-04-21T11:41:16.193+05:30 DEBUG 14104 --- [http-nio-8080-exec-8] o.s.s.web.DefaultRedirectStrategy        : Redirecting to https://accounts.google.com/o/oauth2/v2/auth?response_type=code&client_id=621059199259-oj63gu75m4co6imi71j04auu6c7ti0ab.apps.googleusercontent.com&scope=profile%20email&state=OuLDC9EQOM1tASU9A2xCrK3F3COIFV-M4ond4ezxURk%3D&redirect_uri=http://localhost:8080/login/oauth2/code/google&code_challenge=_0Q2BkJBa6jN9XKeWuXGXtXa2WU1HYZ9KSmjwb1Ifoo&code_challenge_method=S256
2026-04-21T11:41:16.887+05:30 DEBUG 14104 --- [http-nio-8080-exec-5] o.s.security.web.FilterChainProxy        : Securing GET /api/notifications/user/69e714ff25bc714421ce31f9
2026-04-21T11:41:17.486+05:30 DEBUG 14104 --- [http-nio-8080-exec-4] o.s.security.web.FilterChainProxy        : Secured GET /api/tickets/user/69e714ff25bc714421ce31f9
2026-04-21T11:41:17.527+05:30 DEBUG 14104 --- [http-nio-8080-exec-5] o.s.security.web.FilterChainProxy        : Secured GET /api/notifications/user/69e714ff25bc714421ce31f9
2026-04-21T11:41:17.804+05:30 DEBUG 14104 --- [http-nio-8080-exec-8] o.s.security.web.FilterChainProxy        : Securing GET /api/tickets/user/69e714ff25bc714421ce31f9
2026-04-21T11:41:17.816+05:30 DEBUG 14104 --- [http-nio-8080-exec-6] o.s.security.web.FilterChainProxy        : Securing GET /api/notifications/user/69e714ff25bc714421ce31f9
2026-04-21T11:41:18.171+05:30 DEBUG 14104 --- [http-nio-8080-exec-6] o.s.security.web.FilterChainProxy        : Secured GET /api/notifications/user/69e714ff25bc714421ce31f9
2026-04-21T11:41:18.445+05:30 DEBUG 14104 --- [http-nio-8080-exec-4] o.s.security.web.FilterChainProxy        : Securing GET /api/notifications/user/69e714ff25bc714421ce31f9
2026-04-21T11:41:18.700+05:30 DEBUG 14104 --- [http-nio-8080-exec-4] o.s.security.web.FilterChainProxy        : Secured GET /api/notifications/user/69e714ff25bc714421ce31f9
2026-04-21T11:41:19.017+05:30 DEBUG 14104 --- [http-nio-8080-exec-8] o.s.security.web.FilterChainProxy        : Secured GET /api/tickets/user/69e714ff25bc714421ce31f9
2026-04-21T11:41:20.593+05:30 DEBUG 14104 --- [http-nio-8080-exec-5] o.s.security.web.FilterChainProxy        : Securing GET /api/tickets/user/69e714ff25bc714421ce31f9
2026-04-21T11:41:20.839+05:30 DEBUG 14104 --- [http-nio-8080-exec-5] o.s.security.web.FilterChainProxy        : Secured GET /api/tickets/user/69e714ff25bc714421ce31f9
2026-04-21T11:41:24.062+05:30 DEBUG 14104 --- [http-nio-8080-exec-6] o.s.security.web.FilterChainProxy        : Securing OPTIONS /api/notifications/user/69db81ca93f96eaad5d1aca2
2026-04-21T11:41:24.067+05:30 DEBUG 14104 --- [http-nio-8080-exec-4] o.s.security.web.FilterChainProxy        : Securing OPTIONS /api/notifications/user/69db81ca93f96eaad5d1aca2
2026-04-21T11:41:24.071+05:30 DEBUG 14104 --- [http-nio-8080-exec-8] o.s.security.web.FilterChainProxy        : Securing GET /api/notifications/user/69db81ca93f96eaad5d1aca2
2026-04-21T11:41:24.406+05:30 DEBUG 14104 --- [http-nio-8080-exec-8] o.s.security.web.FilterChainProxy        : Secured GET /api/notifications/user/69db81ca93f96eaad5d1aca2
2026-04-21T11:41:27.903+05:30 DEBUG 14104 --- [http-nio-8080-exec-5] o.s.security.web.FilterChainProxy        : Securing GET /api/notifications/user/69db81ca93f96eaad5d1aca2
2026-04-21T11:41:28.009+05:30 DEBUG 14104 --- [http-nio-8080-exec-5] o.s.security.web.FilterChainProxy        : Secured GET /api/notifications/user/69db81ca93f96eaad5d1aca2
2026-04-21T11:41:36.668+05:30 DEBUG 14104 --- [http-nio-8080-exec-6] o.s.security.web.FilterChainProxy        : Securing OPTIONS /api/notifications/user/69db81ca93f96eaad5d1aca2
